<?xml version="1.0" encoding="UTF-8"?>
<!-- Generated by org.testng.reporters.JUnitReportReporter -->
<testsuite hostname="Nav" name="com.TestScripts.Tc_101" tests="1" failures="0" timestamp="20 Jan 2020 13:35:00 GMT" time="126.323" errors="0">
  <testcase name="case_101" time="126.323" classname="com.TestScripts.Tc_101"/>
</testsuite> <!-- com.TestScripts.Tc_101 -->
