<?xml version="1.0" encoding="UTF-8"?>
<!-- Generated by org.testng.reporters.JUnitReportReporter -->
<testsuite hostname="Nav" name="com.TestScripts.TestCase101" tests="1" failures="0" timestamp="20 Jan 2020 11:49:39 GMT" time="166.137" errors="0">
  <testcase name="caseTc101" time="166.137" classname="com.TestScripts.TestCase101"/>
</testsuite> <!-- com.TestScripts.TestCase101 -->
